Weights:  coco
Dataset:  /home/ubuntu/dev/Mask_RCNN/datasets/hail/
Logs:  /home/ubuntu/dev/Mask_RCNN/logs

Configurations:
BACKBONE                       resnet101
BACKBONE_STRIDES               [4, 8, 16, 32, 64]
BATCH_SIZE                     1
BBOX_STD_DEV                   [0.1 0.1 0.2 0.2]
COMPUTE_BACKBONE_SHAPE         None
DETECTION_MAX_INSTANCES        100
DETECTION_MIN_CONFIDENCE       0.9
DETECTION_NMS_THRESHOLD        0.3
FPN_CLASSIF_FC_LAYERS_SIZE     1024
GPU_COUNT                      1
GRADIENT_CLIP_NORM             5.0
IMAGES_PER_GPU                 1
IMAGE_CHANNEL_COUNT            3
IMAGE_MAX_DIM                  1024
IMAGE_META_SIZE                14
IMAGE_MIN_DIM                  800
IMAGE_MIN_SCALE                0
IMAGE_RESIZE_MODE              square
IMAGE_SHAPE                    [1024 1024    3]
LEARNING_MOMENTUM              0.9
LEARNING_RATE                  0.001
LOSS_WEIGHTS                   {'rpn_class_loss': 1.0, 'rpn_bbox_loss': 1.0, 'mrcnn_class_loss': 1.0, 'mrcnn_bbox_loss': 1.0, 'mrcnn_mask_loss': 1.0}
MASK_POOL_SIZE                 14
MASK_SHAPE                     [28, 28]
MAX_GT_INSTANCES               100
MEAN_PIXEL                     [123.7 116.8 103.9]
MINI_MASK_SHAPE                (56, 56)
NAME                           hail
NUM_CLASSES                    2
POOL_SIZE                      7
POST_NMS_ROIS_INFERENCE        1000
POST_NMS_ROIS_TRAINING         2000
PRE_NMS_LIMIT                  6000
ROI_POSITIVE_RATIO             0.33
RPN_ANCHOR_RATIOS              [0.5, 1, 2]
RPN_ANCHOR_SCALES              (32, 64, 128, 256, 512)
RPN_ANCHOR_STRIDE              1
RPN_BBOX_STD_DEV               [0.1 0.1 0.2 0.2]
RPN_NMS_THRESHOLD              0.7
RPN_TRAIN_ANCHORS_PER_IMAGE    256
STEPS_PER_EPOCH                100
TOP_DOWN_PYRAMID_SIZE          256
TRAIN_BN                       False
TRAIN_ROIS_PER_IMAGE           200
USE_MINI_MASK                  True
USE_RPN_ROIS                   True
VALIDATION_STEPS               50
WEIGHT_DECAY                   0.0001


Loading weights  /home/ubuntu/dev/Mask_RCNN/mask_rcnn_coco.h5
Training network heads

Starting at epoch 0. LR=0.001

Checkpoint Path: /home/ubuntu/dev/Mask_RCNN/logs/hail20190219T0559/mask_rcnn_hail_{epoch:04d}.h5
Selecting layers to train
fpn_c5p5               (Conv2D)
fpn_c4p4               (Conv2D)
fpn_c3p3               (Conv2D)
fpn_c2p2               (Conv2D)
fpn_p5                 (Conv2D)
fpn_p2                 (Conv2D)
fpn_p3                 (Conv2D)
fpn_p4                 (Conv2D)
In model:  rpn_model
    rpn_conv_shared        (Conv2D)
    rpn_class_raw          (Conv2D)
    rpn_bbox_pred          (Conv2D)
mrcnn_mask_conv1       (TimeDistributed)
mrcnn_mask_bn1         (TimeDistributed)
mrcnn_mask_conv2       (TimeDistributed)
mrcnn_mask_bn2         (TimeDistributed)
mrcnn_class_conv1      (TimeDistributed)
mrcnn_class_bn1        (TimeDistributed)
mrcnn_mask_conv3       (TimeDistributed)
mrcnn_mask_bn3         (TimeDistributed)
mrcnn_class_conv2      (TimeDistributed)
mrcnn_class_bn2        (TimeDistributed)
mrcnn_mask_conv4       (TimeDistributed)
mrcnn_mask_bn4         (TimeDistributed)
mrcnn_bbox_fc          (TimeDistributed)
mrcnn_mask_deconv      (TimeDistributed)
mrcnn_class_logits     (TimeDistributed)
mrcnn_mask             (TimeDistributed)
Epoch 1/30

  1/100 [..............................] - ETA: 1:48:45 - loss: 6.2640 - rpn_class_loss: 2.7770 - rpn_bbox_loss: 0.3578 - mrcnn_class_loss: 0.7977 - mrcnn_bbox_loss: 1.3777 - mrcnn_mask_loss: 0.9538
  2/100 [..............................] - ETA: 54:56 - loss: 6.0430 - rpn_class_loss: 2.6965 - rpn_bbox_loss: 0.3545 - mrcnn_class_loss: 0.7694 - mrcnn_bbox_loss: 1.2810 - mrcnn_mask_loss: 0.9417  
  3/100 [..............................] - ETA: 37:00 - loss: 5.6929 - rpn_class_loss: 2.5647 - rpn_bbox_loss: 0.3489 - mrcnn_class_loss: 0.6897 - mrcnn_bbox_loss: 1.1579 - mrcnn_mask_loss: 0.9318
  4/100 [>.............................] - ETA: 28:00 - loss: 5.3528 - rpn_class_loss: 2.3806 - rpn_bbox_loss: 0.3412 - mrcnn_class_loss: 0.6543 - mrcnn_bbox_loss: 1.0594 - mrcnn_mask_loss: 0.9173
  5/100 [>.............................] - ETA: 22:38 - loss: 4.9784 - rpn_class_loss: 2.1092 - rpn_bbox_loss: 0.3298 - mrcnn_class_loss: 0.6336 - mrcnn_bbox_loss: 1.0070 - mrcnn_mask_loss: 0.8988
  6/100 [>.............................] - ETA: 19:01 - loss: 4.6069 - rpn_class_loss: 1.8572 - rpn_bbox_loss: 0.3186 - mrcnn_class_loss: 0.5989 - mrcnn_bbox_loss: 0.9514 - mrcnn_mask_loss: 0.8808
  7/100 [=>............................] - ETA: 16:26 - loss: 4.2999 - rpn_class_loss: 1.6351 - rpn_bbox_loss: 0.3077 - mrcnn_class_loss: 0.5690 - mrcnn_bbox_loss: 0.9282 - mrcnn_mask_loss: 0.8599
  8/100 [=>............................] - ETA: 14:30 - loss: 4.0529 - rpn_class_loss: 1.4544 - rpn_bbox_loss: 0.2975 - mrcnn_class_loss: 0.5457 - mrcnn_bbox_loss: 0.9133 - mrcnn_mask_loss: 0.8420
  9/100 [=>............................] - ETA: 12:59 - loss: 3.8337 - rpn_class_loss: 1.3180 - rpn_bbox_loss: 0.2900 - mrcnn_class_loss: 0.5232 - mrcnn_bbox_loss: 0.8821 - mrcnn_mask_loss: 0.8204
 10/100 [==>...........................] - ETA: 11:46 - loss: 3.6492 - rpn_class_loss: 1.2205 - rpn_bbox_loss: 0.2827 - mrcnn_class_loss: 0.4989 - mrcnn_bbox_loss: 0.8465 - mrcnn_mask_loss: 0.8005
 11/100 [==>...........................] - ETA: 10:46 - loss: 3.5184 - rpn_class_loss: 1.1501 - rpn_bbox_loss: 0.2753 - mrcnn_class_loss: 0.4831 - mrcnn_bbox_loss: 0.8242 - mrcnn_mask_loss: 0.7855
 12/100 [==>...........................] - ETA: 9:56 - loss: 3.4019 - rpn_class_loss: 1.0960 - rpn_bbox_loss: 0.2685 - mrcnn_class_loss: 0.4663 - mrcnn_bbox_loss: 0.8003 - mrcnn_mask_loss: 0.7709 
 13/100 [==>...........................] - ETA: 9:14 - loss: 3.2979 - rpn_class_loss: 1.0324 - rpn_bbox_loss: 0.2662 - mrcnn_class_loss: 0.4587 - mrcnn_bbox_loss: 0.7804 - mrcnn_mask_loss: 0.7602
 14/100 [===>..........................] - ETA: 8:37 - loss: 3.1966 - rpn_class_loss: 0.9758 - rpn_bbox_loss: 0.2646 - mrcnn_class_loss: 0.4514 - mrcnn_bbox_loss: 0.7548 - mrcnn_mask_loss: 0.7499
 15/100 [===>..........................] - ETA: 8:06 - loss: 3.0979 - rpn_class_loss: 0.9235 - rpn_bbox_loss: 0.2636 - mrcnn_class_loss: 0.4412 - mrcnn_bbox_loss: 0.7292 - mrcnn_mask_loss: 0.7405
 16/100 [===>..........................] - ETA: 7:38 - loss: 3.0142 - rpn_class_loss: 0.8742 - rpn_bbox_loss: 0.2629 - mrcnn_class_loss: 0.4398 - mrcnn_bbox_loss: 0.7045 - mrcnn_mask_loss: 0.7328
 17/100 [====>.........................] - ETA: 7:14 - loss: 2.9473 - rpn_class_loss: 0.8312 - rpn_bbox_loss: 0.2601 - mrcnn_class_loss: 0.4429 - mrcnn_bbox_loss: 0.6914 - mrcnn_mask_loss: 0.7217
 18/100 [====>.........................] - ETA: 6:52 - loss: 2.8845 - rpn_class_loss: 0.7906 - rpn_bbox_loss: 0.2577 - mrcnn_class_loss: 0.4474 - mrcnn_bbox_loss: 0.6757 - mrcnn_mask_loss: 0.7132
 19/100 [====>.........................] - ETA: 6:31 - loss: 2.8217 - rpn_class_loss: 0.7530 - rpn_bbox_loss: 0.2555 - mrcnn_class_loss: 0.4490 - mrcnn_bbox_loss: 0.6597 - mrcnn_mask_loss: 0.7045
 20/100 [=====>........................] - ETA: 6:13 - loss: 2.7564 - rpn_class_loss: 0.7187 - rpn_bbox_loss: 0.2536 - mrcnn_class_loss: 0.4434 - mrcnn_bbox_loss: 0.6444 - mrcnn_mask_loss: 0.6963
 21/100 [=====>........................] - ETA: 5:55 - loss: 2.7154 - rpn_class_loss: 0.6885 - rpn_bbox_loss: 0.2552 - mrcnn_class_loss: 0.4448 - mrcnn_bbox_loss: 0.6355 - mrcnn_mask_loss: 0.6915
 22/100 [=====>........................] - ETA: 5:40 - loss: 2.6821 - rpn_class_loss: 0.6613 - rpn_bbox_loss: 0.2569 - mrcnn_class_loss: 0.4505 - mrcnn_bbox_loss: 0.6273 - mrcnn_mask_loss: 0.6860
 23/100 [=====>........................] - ETA: 5:25 - loss: 2.6441 - rpn_class_loss: 0.6368 - rpn_bbox_loss: 0.2585 - mrcnn_class_loss: 0.4490 - mrcnn_bbox_loss: 0.6195 - mrcnn_mask_loss: 0.6803
 24/100 [======>.......................] - ETA: 5:12 - loss: 2.6071 - rpn_class_loss: 0.6144 - rpn_bbox_loss: 0.2597 - mrcnn_class_loss: 0.4489 - mrcnn_bbox_loss: 0.6099 - mrcnn_mask_loss: 0.6742
 25/100 [======>.......................] - ETA: 5:00 - loss: 2.5647 - rpn_class_loss: 0.5950 - rpn_bbox_loss: 0.2591 - mrcnn_class_loss: 0.4451 - mrcnn_bbox_loss: 0.5976 - mrcnn_mask_loss: 0.6679
 26/100 [======>.......................] - ETA: 4:49 - loss: 2.5267 - rpn_class_loss: 0.5770 - rpn_bbox_loss: 0.2581 - mrcnn_class_loss: 0.4436 - mrcnn_bbox_loss: 0.5863 - mrcnn_mask_loss: 0.6617
 27/100 [=======>......................] - ETA: 4:38 - loss: 2.4864 - rpn_class_loss: 0.5602 - rpn_bbox_loss: 0.2568 - mrcnn_class_loss: 0.4379 - mrcnn_bbox_loss: 0.5758 - mrcnn_mask_loss: 0.6557
 28/100 [=======>......................] - ETA: 4:29 - loss: 2.4508 - rpn_class_loss: 0.5445 - rpn_bbox_loss: 0.2553 - mrcnn_class_loss: 0.4337 - mrcnn_bbox_loss: 0.5675 - mrcnn_mask_loss: 0.6498
 29/100 [=======>......................] - ETA: 4:19 - loss: 2.4151 - rpn_class_loss: 0.5284 - rpn_bbox_loss: 0.2546 - mrcnn_class_loss: 0.4318 - mrcnn_bbox_loss: 0.5567 - mrcnn_mask_loss: 0.6436
 30/100 [========>.....................] - ETA: 4:10 - loss: 2.3800 - rpn_class_loss: 0.5132 - rpn_bbox_loss: 0.2538 - mrcnn_class_loss: 0.4303 - mrcnn_bbox_loss: 0.5454 - mrcnn_mask_loss: 0.6373
 31/100 [========>.....................] - ETA: 4:02 - loss: 2.3470 - rpn_class_loss: 0.4988 - rpn_bbox_loss: 0.2528 - mrcnn_class_loss: 0.4271 - mrcnn_bbox_loss: 0.5365 - mrcnn_mask_loss: 0.6318
 32/100 [========>.....................] - ETA: 3:54 - loss: 2.3146 - rpn_class_loss: 0.4851 - rpn_bbox_loss: 0.2515 - mrcnn_class_loss: 0.4244 - mrcnn_bbox_loss: 0.5274 - mrcnn_mask_loss: 0.6264
 33/100 [========>.....................] - ETA: 3:51 - loss: 2.2824 - rpn_class_loss: 0.4724 - rpn_bbox_loss: 0.2510 - mrcnn_class_loss: 0.4203 - mrcnn_bbox_loss: 0.5179 - mrcnn_mask_loss: 0.6209
 34/100 [=========>....................] - ETA: 3:47 - loss: 2.2518 - rpn_class_loss: 0.4606 - rpn_bbox_loss: 0.2504 - mrcnn_class_loss: 0.4167 - mrcnn_bbox_loss: 0.5089 - mrcnn_mask_loss: 0.6152
 35/100 [=========>....................] - ETA: 3:42 - loss: 2.2253 - rpn_class_loss: 0.4495 - rpn_bbox_loss: 0.2497 - mrcnn_class_loss: 0.4151 - mrcnn_bbox_loss: 0.5016 - mrcnn_mask_loss: 0.6095
 36/100 [=========>....................] - ETA: 3:35 - loss: 2.1982 - rpn_class_loss: 0.4390 - rpn_bbox_loss: 0.2488 - mrcnn_class_loss: 0.4119 - mrcnn_bbox_loss: 0.4948 - mrcnn_mask_loss: 0.6037
 37/100 [==========>...................] - ETA: 3:29 - loss: 2.1752 - rpn_class_loss: 0.4291 - rpn_bbox_loss: 0.2490 - mrcnn_class_loss: 0.4106 - mrcnn_bbox_loss: 0.4883 - mrcnn_mask_loss: 0.5983
 38/100 [==========>...................] - ETA: 3:25 - loss: 2.1514 - rpn_class_loss: 0.4196 - rpn_bbox_loss: 0.2483 - mrcnn_class_loss: 0.4093 - mrcnn_bbox_loss: 0.4813 - mrcnn_mask_loss: 0.5929
 39/100 [==========>...................] - ETA: 3:21 - loss: 2.1281 - rpn_class_loss: 0.4106 - rpn_bbox_loss: 0.2469 - mrcnn_class_loss: 0.4071 - mrcnn_bbox_loss: 0.4759 - mrcnn_mask_loss: 0.5876
 40/100 [===========>..................] - ETA: 3:15 - loss: 2.1063 - rpn_class_loss: 0.4021 - rpn_bbox_loss: 0.2450 - mrcnn_class_loss: 0.4065 - mrcnn_bbox_loss: 0.4701 - mrcnn_mask_loss: 0.5826
 41/100 [===========>..................] - ETA: 3:15 - loss: 2.0934 - rpn_class_loss: 0.3963 - rpn_bbox_loss: 0.2460 - mrcnn_class_loss: 0.4056 - mrcnn_bbox_loss: 0.4671 - mrcnn_mask_loss: 0.5785
 42/100 [===========>..................] - ETA: 3:13 - loss: 2.0772 - rpn_class_loss: 0.3907 - rpn_bbox_loss: 0.2468 - mrcnn_class_loss: 0.4046 - mrcnn_bbox_loss: 0.4613 - mrcnn_mask_loss: 0.5738
 43/100 [===========>..................] - ETA: 3:08 - loss: 2.0607 - rpn_class_loss: 0.3853 - rpn_bbox_loss: 0.2472 - mrcnn_class_loss: 0.4035 - mrcnn_bbox_loss: 0.4557 - mrcnn_mask_loss: 0.5690
 44/100 [============>.................] - ETA: 3:02 - loss: 2.0456 - rpn_class_loss: 0.3800 - rpn_bbox_loss: 0.2470 - mrcnn_class_loss: 0.4020 - mrcnn_bbox_loss: 0.4522 - mrcnn_mask_loss: 0.5644
 45/100 [============>.................] - ETA: 3:06 - loss: 2.0315 - rpn_class_loss: 0.3748 - rpn_bbox_loss: 0.2470 - mrcnn_class_loss: 0.4010 - mrcnn_bbox_loss: 0.4493 - mrcnn_mask_loss: 0.5593
 46/100 [============>.................] - ETA: 3:04 - loss: 2.0204 - rpn_class_loss: 0.3699 - rpn_bbox_loss: 0.2468 - mrcnn_class_loss: 0.4031 - mrcnn_bbox_loss: 0.4454 - mrcnn_mask_loss: 0.5552
 47/100 [=============>................] - ETA: 3:00 - loss: 2.0059 - rpn_class_loss: 0.3651 - rpn_bbox_loss: 0.2464 - mrcnn_class_loss: 0.4026 - mrcnn_bbox_loss: 0.4409 - mrcnn_mask_loss: 0.5509
 48/100 [=============>................] - ETA: 2:54 - loss: 1.9905 - rpn_class_loss: 0.3605 - rpn_bbox_loss: 0.2460 - mrcnn_class_loss: 0.4020 - mrcnn_bbox_loss: 0.4355 - mrcnn_mask_loss: 0.5465
 49/100 [=============>................] - ETA: 2:49 - loss: 1.9732 - rpn_class_loss: 0.3541 - rpn_bbox_loss: 0.2444 - mrcnn_class_loss: 0.4007 - mrcnn_bbox_loss: 0.4320 - mrcnn_mask_loss: 0.5420
 50/100 [==============>...............] - ETA: 2:47 - loss: 1.9546 - rpn_class_loss: 0.3480 - rpn_bbox_loss: 0.2428 - mrcnn_class_loss: 0.3984 - mrcnn_bbox_loss: 0.4274 - mrcnn_mask_loss: 0.5380
 51/100 [==============>...............] - ETA: 2:42 - loss: 1.9383 - rpn_class_loss: 0.3421 - rpn_bbox_loss: 0.2413 - mrcnn_class_loss: 0.3973 - mrcnn_bbox_loss: 0.4231 - mrcnn_mask_loss: 0.5345
 52/100 [==============>...............] - ETA: 2:36 - loss: 1.9217 - rpn_class_loss: 0.3364 - rpn_bbox_loss: 0.2398 - mrcnn_class_loss: 0.3957 - mrcnn_bbox_loss: 0.4190 - mrcnn_mask_loss: 0.5307
 53/100 [==============>...............] - ETA: 2:39 - loss: 1.9111 - rpn_class_loss: 0.3335 - rpn_bbox_loss: 0.2387 - mrcnn_class_loss: 0.3948 - mrcnn_bbox_loss: 0.4173 - mrcnn_mask_loss: 0.5268
 54/100 [===============>..............] - ETA: 2:36 - loss: 1.8982 - rpn_class_loss: 0.3307 - rpn_bbox_loss: 0.2375 - mrcnn_class_loss: 0.3928 - mrcnn_bbox_loss: 0.4143 - mrcnn_mask_loss: 0.5228
 55/100 [===============>..............] - ETA: 2:31 - loss: 1.8859 - rpn_class_loss: 0.3279 - rpn_bbox_loss: 0.2364 - mrcnn_class_loss: 0.3919 - mrcnn_bbox_loss: 0.4107 - mrcnn_mask_loss: 0.5190
 56/100 [===============>..............] - ETA: 2:26 - loss: 1.8742 - rpn_class_loss: 0.3251 - rpn_bbox_loss: 0.2353 - mrcnn_class_loss: 0.3912 - mrcnn_bbox_loss: 0.4072 - mrcnn_mask_loss: 0.5154
 57/100 [================>.............] - ETA: 2:25 - loss: 1.8622 - rpn_class_loss: 0.3206 - rpn_bbox_loss: 0.2337 - mrcnn_class_loss: 0.3901 - mrcnn_bbox_loss: 0.4061 - mrcnn_mask_loss: 0.5118
 58/100 [================>.............] - ETA: 2:22 - loss: 1.8493 - rpn_class_loss: 0.3162 - rpn_bbox_loss: 0.2321 - mrcnn_class_loss: 0.3888 - mrcnn_bbox_loss: 0.4039 - mrcnn_mask_loss: 0.5084
 59/100 [================>.............] - ETA: 2:17 - loss: 1.8372 - rpn_class_loss: 0.3119 - rpn_bbox_loss: 0.2305 - mrcnn_class_loss: 0.3878 - mrcnn_bbox_loss: 0.4015 - mrcnn_mask_loss: 0.5055
 60/100 [=================>............] - ETA: 2:13 - loss: 1.8250 - rpn_class_loss: 0.3077 - rpn_bbox_loss: 0.2290 - mrcnn_class_loss: 0.3876 - mrcnn_bbox_loss: 0.3982 - mrcnn_mask_loss: 0.5025
 61/100 [=================>............] - ETA: 2:11 - loss: 1.8121 - rpn_class_loss: 0.3037 - rpn_bbox_loss: 0.2275 - mrcnn_class_loss: 0.3866 - mrcnn_bbox_loss: 0.3951 - mrcnn_mask_loss: 0.4991
 62/100 [=================>............] - ETA: 2:08 - loss: 1.7992 - rpn_class_loss: 0.2997 - rpn_bbox_loss: 0.2260 - mrcnn_class_loss: 0.3854 - mrcnn_bbox_loss: 0.3923 - mrcnn_mask_loss: 0.4957
 63/100 [=================>............] - ETA: 2:03 - loss: 1.7886 - rpn_class_loss: 0.2959 - rpn_bbox_loss: 0.2245 - mrcnn_class_loss: 0.3851 - mrcnn_bbox_loss: 0.3900 - mrcnn_mask_loss: 0.4931
 64/100 [==================>...........] - ETA: 1:59 - loss: 1.7778 - rpn_class_loss: 0.2922 - rpn_bbox_loss: 0.2229 - mrcnn_class_loss: 0.3842 - mrcnn_bbox_loss: 0.3878 - mrcnn_mask_loss: 0.4907
 65/100 [==================>...........] - ETA: 1:55 - loss: 1.7663 - rpn_class_loss: 0.2887 - rpn_bbox_loss: 0.2219 - mrcnn_class_loss: 0.3829 - mrcnn_bbox_loss: 0.3848 - mrcnn_mask_loss: 0.4880
 66/100 [==================>...........] - ETA: 1:52 - loss: 1.7550 - rpn_class_loss: 0.2853 - rpn_bbox_loss: 0.2207 - mrcnn_class_loss: 0.3817 - mrcnn_bbox_loss: 0.3816 - mrcnn_mask_loss: 0.4856
 67/100 [===================>..........] - ETA: 1:48 - loss: 1.7435 - rpn_class_loss: 0.2820 - rpn_bbox_loss: 0.2194 - mrcnn_class_loss: 0.3805 - mrcnn_bbox_loss: 0.3787 - mrcnn_mask_loss: 0.4830
 68/100 [===================>..........] - ETA: 1:44 - loss: 1.7324 - rpn_class_loss: 0.2787 - rpn_bbox_loss: 0.2180 - mrcnn_class_loss: 0.3799 - mrcnn_bbox_loss: 0.3755 - mrcnn_mask_loss: 0.4803
 69/100 [===================>..........] - ETA: 1:42 - loss: 1.7249 - rpn_class_loss: 0.2757 - rpn_bbox_loss: 0.2172 - mrcnn_class_loss: 0.3806 - mrcnn_bbox_loss: 0.3733 - mrcnn_mask_loss: 0.4781
 70/100 [====================>.........] - ETA: 1:38 - loss: 1.7172 - rpn_class_loss: 0.2727 - rpn_bbox_loss: 0.2165 - mrcnn_class_loss: 0.3812 - mrcnn_bbox_loss: 0.3708 - mrcnn_mask_loss: 0.4760
 71/100 [====================>.........] - ETA: 1:34 - loss: 1.7084 - rpn_class_loss: 0.2698 - rpn_bbox_loss: 0.2159 - mrcnn_class_loss: 0.3809 - mrcnn_bbox_loss: 0.3680 - mrcnn_mask_loss: 0.4738
 72/100 [====================>.........] - ETA: 1:30 - loss: 1.7002 - rpn_class_loss: 0.2669 - rpn_bbox_loss: 0.2151 - mrcnn_class_loss: 0.3803 - mrcnn_bbox_loss: 0.3654 - mrcnn_mask_loss: 0.4724
 73/100 [====================>.........] - ETA: 1:27 - loss: 1.6903 - rpn_class_loss: 0.2638 - rpn_bbox_loss: 0.2148 - mrcnn_class_loss: 0.3792 - mrcnn_bbox_loss: 0.3621 - mrcnn_mask_loss: 0.4705
 74/100 [=====================>........] - ETA: 1:24 - loss: 1.6811 - rpn_class_loss: 0.2607 - rpn_bbox_loss: 0.2142 - mrcnn_class_loss: 0.3780 - mrcnn_bbox_loss: 0.3594 - mrcnn_mask_loss: 0.4689
 75/100 [=====================>........] - ETA: 1:20 - loss: 1.6710 - rpn_class_loss: 0.2576 - rpn_bbox_loss: 0.2135 - mrcnn_class_loss: 0.3766 - mrcnn_bbox_loss: 0.3564 - mrcnn_mask_loss: 0.4669
 76/100 [=====================>........] - ETA: 1:16 - loss: 1.6604 - rpn_class_loss: 0.2546 - rpn_bbox_loss: 0.2128 - mrcnn_class_loss: 0.3751 - mrcnn_bbox_loss: 0.3532 - mrcnn_mask_loss: 0.4647
 77/100 [======================>.......] - ETA: 1:13 - loss: 1.6537 - rpn_class_loss: 0.2522 - rpn_bbox_loss: 0.2127 - mrcnn_class_loss: 0.3743 - mrcnn_bbox_loss: 0.3512 - mrcnn_mask_loss: 0.4633
 78/100 [======================>.......] - ETA: 1:10 - loss: 1.6469 - rpn_class_loss: 0.2498 - rpn_bbox_loss: 0.2128 - mrcnn_class_loss: 0.3733 - mrcnn_bbox_loss: 0.3488 - mrcnn_mask_loss: 0.4622
 79/100 [======================>.......] - ETA: 1:06 - loss: 1.6392 - rpn_class_loss: 0.2475 - rpn_bbox_loss: 0.2128 - mrcnn_class_loss: 0.3718 - mrcnn_bbox_loss: 0.3461 - mrcnn_mask_loss: 0.4611
 80/100 [=======================>......] - ETA: 1:03 - loss: 1.6319 - rpn_class_loss: 0.2452 - rpn_bbox_loss: 0.2125 - mrcnn_class_loss: 0.3709 - mrcnn_bbox_loss: 0.3437 - mrcnn_mask_loss: 0.4595
 81/100 [=======================>......] - ETA: 1:01 - loss: 1.6290 - rpn_class_loss: 0.2435 - rpn_bbox_loss: 0.2127 - mrcnn_class_loss: 0.3714 - mrcnn_bbox_loss: 0.3437 - mrcnn_mask_loss: 0.4576
 82/100 [=======================>......] - ETA: 58s - loss: 1.6267 - rpn_class_loss: 0.2419 - rpn_bbox_loss: 0.2129 - mrcnn_class_loss: 0.3728 - mrcnn_bbox_loss: 0.3433 - mrcnn_mask_loss: 0.4558 
 83/100 [=======================>......] - ETA: 54s - loss: 1.6237 - rpn_class_loss: 0.2402 - rpn_bbox_loss: 0.2129 - mrcnn_class_loss: 0.3738 - mrcnn_bbox_loss: 0.3425 - mrcnn_mask_loss: 0.4543
 84/100 [========================>.....] - ETA: 51s - loss: 1.6180 - rpn_class_loss: 0.2387 - rpn_bbox_loss: 0.2126 - mrcnn_class_loss: 0.3737 - mrcnn_bbox_loss: 0.3401 - mrcnn_mask_loss: 0.4529
 85/100 [========================>.....] - ETA: 48s - loss: 1.6171 - rpn_class_loss: 0.2364 - rpn_bbox_loss: 0.2116 - mrcnn_class_loss: 0.3753 - mrcnn_bbox_loss: 0.3427 - mrcnn_mask_loss: 0.4512
 86/100 [========================>.....] - ETA: 45s - loss: 1.6143 - rpn_class_loss: 0.2341 - rpn_bbox_loss: 0.2106 - mrcnn_class_loss: 0.3751 - mrcnn_bbox_loss: 0.3454 - mrcnn_mask_loss: 0.4491
 87/100 [=========================>....] - ETA: 41s - loss: 1.6108 - rpn_class_loss: 0.2319 - rpn_bbox_loss: 0.2096 - mrcnn_class_loss: 0.3749 - mrcnn_bbox_loss: 0.3472 - mrcnn_mask_loss: 0.4471
 88/100 [=========================>....] - ETA: 38s - loss: 1.6065 - rpn_class_loss: 0.2298 - rpn_bbox_loss: 0.2087 - mrcnn_class_loss: 0.3750 - mrcnn_bbox_loss: 0.3477 - mrcnn_mask_loss: 0.4455
 89/100 [=========================>....] - ETA: 35s - loss: 1.6025 - rpn_class_loss: 0.2281 - rpn_bbox_loss: 0.2082 - mrcnn_class_loss: 0.3751 - mrcnn_bbox_loss: 0.3470 - mrcnn_mask_loss: 0.4440
 90/100 [==========================>...] - ETA: 32s - loss: 1.5983 - rpn_class_loss: 0.2265 - rpn_bbox_loss: 0.2079 - mrcnn_class_loss: 0.3749 - mrcnn_bbox_loss: 0.3464 - mrcnn_mask_loss: 0.4426
 91/100 [==========================>...] - ETA: 29s - loss: 1.5940 - rpn_class_loss: 0.2249 - rpn_bbox_loss: 0.2077 - mrcnn_class_loss: 0.3744 - mrcnn_bbox_loss: 0.3459 - mrcnn_mask_loss: 0.4412
 92/100 [==========================>...] - ETA: 25s - loss: 1.5896 - rpn_class_loss: 0.2233 - rpn_bbox_loss: 0.2074 - mrcnn_class_loss: 0.3739 - mrcnn_bbox_loss: 0.3452 - mrcnn_mask_loss: 0.4399
 93/100 [==========================>...] - ETA: 22s - loss: 1.5826 - rpn_class_loss: 0.2215 - rpn_bbox_loss: 0.2066 - mrcnn_class_loss: 0.3729 - mrcnn_bbox_loss: 0.3433 - mrcnn_mask_loss: 0.4382
 94/100 [===========================>..] - ETA: 19s - loss: 1.5762 - rpn_class_loss: 0.2198 - rpn_bbox_loss: 0.2059 - mrcnn_class_loss: 0.3720 - mrcnn_bbox_loss: 0.3417 - mrcnn_mask_loss: 0.4368
 95/100 [===========================>..] - ETA: 16s - loss: 1.5695 - rpn_class_loss: 0.2181 - rpn_bbox_loss: 0.2052 - mrcnn_class_loss: 0.3706 - mrcnn_bbox_loss: 0.3402 - mrcnn_mask_loss: 0.4354
 96/100 [===========================>..] - ETA: 12s - loss: 1.5630 - rpn_class_loss: 0.2164 - rpn_bbox_loss: 0.2045 - mrcnn_class_loss: 0.3698 - mrcnn_bbox_loss: 0.3382 - mrcnn_mask_loss: 0.4341
 97/100 [============================>.] - ETA: 9s - loss: 1.5571 - rpn_class_loss: 0.2148 - rpn_bbox_loss: 0.2038 - mrcnn_class_loss: 0.3690 - mrcnn_bbox_loss: 0.3368 - mrcnn_mask_loss: 0.4326 
 98/100 [============================>.] - ETA: 6s - loss: 1.5521 - rpn_class_loss: 0.2133 - rpn_bbox_loss: 0.2031 - mrcnn_class_loss: 0.3683 - mrcnn_bbox_loss: 0.3359 - mrcnn_mask_loss: 0.4315
 99/100 [============================>.] - ETA: 3s - loss: 1.5467 - rpn_class_loss: 0.2117 - rpn_bbox_loss: 0.2024 - mrcnn_class_loss: 0.3680 - mrcnn_bbox_loss: 0.3343 - mrcnn_mask_loss: 0.4303
100/100 [==============================] - 376s 4s/step - loss: 1.5407 - rpn_class_loss: 0.2102 - rpn_bbox_loss: 0.2015 - mrcnn_class_loss: 0.3671 - mrcnn_bbox_loss: 0.3328 - mrcnn_mask_loss: 0.4291 - val_loss: 1.1473 - val_rpn_class_loss: 0.0957 - val_rpn_bbox_loss: 0.1361 - val_mrcnn_class_loss: 0.3715 - val_mrcnn_bbox_loss: 0.2498 - val_mrcnn_mask_loss: 0.2942
Epoch 2/30

  1/100 [..............................] - ETA: 2:23 - loss: 1.0401 - rpn_class_loss: 0.0399 - rpn_bbox_loss: 0.1409 - mrcnn_class_loss: 0.3401 - mrcnn_bbox_loss: 0.2451 - mrcnn_mask_loss: 0.2741
  2/100 [..............................] - ETA: 2:21 - loss: 1.0242 - rpn_class_loss: 0.0391 - rpn_bbox_loss: 0.1434 - mrcnn_class_loss: 0.3166 - mrcnn_bbox_loss: 0.2515 - mrcnn_mask_loss: 0.2737
  3/100 [..............................] - ETA: 2:17 - loss: 0.9885 - rpn_class_loss: 0.0383 - rpn_bbox_loss: 0.1431 - mrcnn_class_loss: 0.3067 - mrcnn_bbox_loss: 0.2305 - mrcnn_mask_loss: 0.2698
  4/100 [>.............................] - ETA: 2:14 - loss: 0.9625 - rpn_class_loss: 0.0375 - rpn_bbox_loss: 0.1407 - mrcnn_class_loss: 0.3054 - mrcnn_bbox_loss: 0.2111 - mrcnn_mask_loss: 0.2678
  5/100 [>.............................] - ETA: 2:14 - loss: 0.9621 - rpn_class_loss: 0.0412 - rpn_bbox_loss: 0.1440 - mrcnn_class_loss: 0.3050 - mrcnn_bbox_loss: 0.1998 - mrcnn_mask_loss: 0.2721
  6/100 [>.............................] - ETA: 2:11 - loss: 0.9661 - rpn_class_loss: 0.0436 - rpn_bbox_loss: 0.1415 - mrcnn_class_loss: 0.3161 - mrcnn_bbox_loss: 0.1909 - mrcnn_mask_loss: 0.2739
  7/100 [=>............................] - ETA: 2:10 - loss: 0.9622 - rpn_class_loss: 0.0453 - rpn_bbox_loss: 0.1378 - mrcnn_class_loss: 0.3047 - mrcnn_bbox_loss: 0.1952 - mrcnn_mask_loss: 0.2790
  8/100 [=>............................] - ETA: 2:08 - loss: 0.9600 - rpn_class_loss: 0.0465 - rpn_bbox_loss: 0.1351 - mrcnn_class_loss: 0.3034 - mrcnn_bbox_loss: 0.1958 - mrcnn_mask_loss: 0.2792
  9/100 [=>............................] - ETA: 2:07 - loss: 0.9608 - rpn_class_loss: 0.0493 - rpn_bbox_loss: 0.1371 - mrcnn_class_loss: 0.3047 - mrcnn_bbox_loss: 0.1925 - mrcnn_mask_loss: 0.2771
 10/100 [==>...........................] - ETA: 2:07 - loss: 0.9707 - rpn_class_loss: 0.0516 - rpn_bbox_loss: 0.1392 - mrcnn_class_loss: 0.3101 - mrcnn_bbox_loss: 0.1934 - mrcnn_mask_loss: 0.2764
 11/100 [==>...........................] - ETA: 2:06 - loss: 0.9595 - rpn_class_loss: 0.0534 - rpn_bbox_loss: 0.1406 - mrcnn_class_loss: 0.3021 - mrcnn_bbox_loss: 0.1891 - mrcnn_mask_loss: 0.2743
 12/100 [==>...........................] - ETA: 2:05 - loss: 0.9544 - rpn_class_loss: 0.0548 - rpn_bbox_loss: 0.1409 - mrcnn_class_loss: 0.3002 - mrcnn_bbox_loss: 0.1857 - mrcnn_mask_loss: 0.2726
 13/100 [==>...........................] - ETA: 2:04 - loss: 0.9582 - rpn_class_loss: 0.0545 - rpn_bbox_loss: 0.1403 - mrcnn_class_loss: 0.3030 - mrcnn_bbox_loss: 0.1870 - mrcnn_mask_loss: 0.2734
 14/100 [===>..........................] - ETA: 2:02 - loss: 0.9609 - rpn_class_loss: 0.0542 - rpn_bbox_loss: 0.1392 - mrcnn_class_loss: 0.3057 - mrcnn_bbox_loss: 0.1862 - mrcnn_mask_loss: 0.2756
 15/100 [===>..........................] - ETA: 2:00 - loss: 0.9615 - rpn_class_loss: 0.0538 - rpn_bbox_loss: 0.1378 - mrcnn_class_loss: 0.3050 - mrcnn_bbox_loss: 0.1882 - mrcnn_mask_loss: 0.2766
 16/100 [===>..........................] - ETA: 1:59 - loss: 0.9631 - rpn_class_loss: 0.0535 - rpn_bbox_loss: 0.1365 - mrcnn_class_loss: 0.3059 - mrcnn_bbox_loss: 0.1886 - mrcnn_mask_loss: 0.2787
 17/100 [====>.........................] - ETA: 1:57 - loss: 0.9879 - rpn_class_loss: 0.0571 - rpn_bbox_loss: 0.1399 - mrcnn_class_loss: 0.3115 - mrcnn_bbox_loss: 0.1975 - mrcnn_mask_loss: 0.2819
 18/100 [====>.........................] - ETA: 1:56 - loss: 1.0055 - rpn_class_loss: 0.0604 - rpn_bbox_loss: 0.1429 - mrcnn_class_loss: 0.3170 - mrcnn_bbox_loss: 0.2016 - mrcnn_mask_loss: 0.2837
 19/100 [====>.........................] - ETA: 1:55 - loss: 1.0141 - rpn_class_loss: 0.0632 - rpn_bbox_loss: 0.1453 - mrcnn_class_loss: 0.3194 - mrcnn_bbox_loss: 0.2025 - mrcnn_mask_loss: 0.2836
 20/100 [=====>........................] - ETA: 1:53 - loss: 1.0197 - rpn_class_loss: 0.0657 - rpn_bbox_loss: 0.1472 - mrcnn_class_loss: 0.3228 - mrcnn_bbox_loss: 0.2010 - mrcnn_mask_loss: 0.2830
 21/100 [=====>........................] - ETA: 1:52 - loss: 1.0308 - rpn_class_loss: 0.0645 - rpn_bbox_loss: 0.1513 - mrcnn_class_loss: 0.3236 - mrcnn_bbox_loss: 0.2080 - mrcnn_mask_loss: 0.2834
 22/100 [=====>........................] - ETA: 1:51 - loss: 1.0406 - rpn_class_loss: 0.0633 - rpn_bbox_loss: 0.1559 - mrcnn_class_loss: 0.3222 - mrcnn_bbox_loss: 0.2150 - mrcnn_mask_loss: 0.2841
 23/100 [=====>........................] - ETA: 1:49 - loss: 1.0530 - rpn_class_loss: 0.0622 - rpn_bbox_loss: 0.1596 - mrcnn_class_loss: 0.3206 - mrcnn_bbox_loss: 0.2243 - mrcnn_mask_loss: 0.2863
 24/100 [======>.......................] - ETA: 1:48 - loss: 1.0592 - rpn_class_loss: 0.0612 - rpn_bbox_loss: 0.1614 - mrcnn_class_loss: 0.3193 - mrcnn_bbox_loss: 0.2290 - mrcnn_mask_loss: 0.2882
 25/100 [======>.......................] - ETA: 1:47 - loss: 1.0664 - rpn_class_loss: 0.0627 - rpn_bbox_loss: 0.1614 - mrcnn_class_loss: 0.3278 - mrcnn_bbox_loss: 0.2265 - mrcnn_mask_loss: 0.2880
 26/100 [======>.......................] - ETA: 1:45 - loss: 1.0694 - rpn_class_loss: 0.0640 - rpn_bbox_loss: 0.1614 - mrcnn_class_loss: 0.3342 - mrcnn_bbox_loss: 0.2236 - mrcnn_mask_loss: 0.2862
 27/100 [=======>......................] - ETA: 1:44 - loss: 1.0707 - rpn_class_loss: 0.0652 - rpn_bbox_loss: 0.1615 - mrcnn_class_loss: 0.3363 - mrcnn_bbox_loss: 0.2217 - mrcnn_mask_loss: 0.2860
 28/100 [=======>......................] - ETA: 1:42 - loss: 1.0711 - rpn_class_loss: 0.0662 - rpn_bbox_loss: 0.1616 - mrcnn_class_loss: 0.3389 - mrcnn_bbox_loss: 0.2198 - mrcnn_mask_loss: 0.2845
 29/100 [=======>......................] - ETA: 1:41 - loss: 1.0712 - rpn_class_loss: 0.0658 - rpn_bbox_loss: 0.1611 - mrcnn_class_loss: 0.3401 - mrcnn_bbox_loss: 0.2202 - mrcnn_mask_loss: 0.2840
 30/100 [========>.....................] - ETA: 1:39 - loss: 1.0691 - rpn_class_loss: 0.0654 - rpn_bbox_loss: 0.1603 - mrcnn_class_loss: 0.3390 - mrcnn_bbox_loss: 0.2203 - mrcnn_mask_loss: 0.2841